2025-08-20 19:28:44,283 - INFO - Test mode: Processing 5 records
2025-08-20 19:28:44,965 - ERROR - Data source not found: tatqa-test.parquet
2025-08-20 19:28:44,965 - INFO - ================================================================================
2025-08-20 19:28:44,965 - INFO - CONCEPT BUILDING PIPELINE V2 - ENHANCED ARCHITECTURE
2025-08-20 19:28:44,965 - INFO - ================================================================================
2025-08-20 19:28:44,965 - ERROR - Missing required input files: ['Information Map v1.xlsx', 'tatqa-test.parquet']
2025-08-20 19:28:44,965 - INFO - Current working directory: C:\AiSearch\conceptual_space\A_concept_pipeline\orchestrator
2025-08-20 19:28:44,968 - INFO - Files checked: ['Information Map v1.xlsx', 'tatqa-test.parquet']
2025-08-20 19:28:44,968 - ERROR - Input validation failed. Aborting pipeline.
2025-08-20 19:29:25,521 - INFO - Test mode: Processing 5 records
2025-08-20 19:29:26,473 - INFO - Created test dataset: ../../data/test_mode_5_records.parquet with 5 records
2025-08-20 19:29:26,487 - INFO - ================================================================================
2025-08-20 19:29:26,488 - INFO - CONCEPT BUILDING PIPELINE V2 - ENHANCED ARCHITECTURE
2025-08-20 19:29:26,488 - INFO - ================================================================================
2025-08-20 19:29:26,489 - INFO - Input validation successful
2025-08-20 19:29:26,489 - INFO - Document source: ../../data/test_mode_5_records.parquet
2025-08-20 19:29:26,489 - INFO - BizBok source: ../../data/Information Map v1.xlsx
2025-08-20 19:29:26,489 - INFO - Found existing centroids: ['../../data/01_centroids.npy', '../../data/03_convex_balls.npy']
2025-08-20 19:29:26,489 - INFO - ======================================================================
2025-08-20 19:29:26,489 - INFO - STEP: A1: Load BizBok Concepts
2025-08-20 19:29:26,489 - INFO - ======================================================================
2025-08-20 19:29:26,489 - INFO - Executing: C:\AiSearch\.venv\Scripts\python.exe scripts/A1_load_bizbok_concepts.py
2025-08-20 19:29:26,624 - ERROR - Step failed with return code 2
2025-08-20 19:29:26,635 - ERROR - Pipeline FAILED at: A1: Load BizBok Concepts
2025-08-20 19:29:26,635 - INFO - 
================================================================================
2025-08-20 19:29:26,635 - INFO - PIPELINE EXECUTION SUMMARY
2025-08-20 19:29:26,635 - INFO - ================================================================================
2025-08-20 19:29:26,635 - INFO - 
Step Status:
2025-08-20 19:29:26,635 - INFO - 
Execution Time: 0.1 seconds
2025-08-20 19:29:26,635 - INFO - 
Pipeline Metrics:
2025-08-20 19:29:26,635 - INFO -   pipeline_version: V2_Enhanced
2025-08-20 19:29:26,635 - INFO - 
Detailed summary saved to: concept_pipeline_summary.json
2025-08-20 19:30:39,413 - INFO - Test mode: Processing 5 records
2025-08-20 19:30:40,354 - INFO - Created test dataset: ../../data/test_mode_5_records.parquet with 5 records
2025-08-20 19:30:40,368 - INFO - ================================================================================
2025-08-20 19:30:40,368 - INFO - CONCEPT BUILDING PIPELINE V2 - ENHANCED ARCHITECTURE
2025-08-20 19:30:40,368 - INFO - ================================================================================
2025-08-20 19:30:40,369 - INFO - Input validation successful
2025-08-20 19:30:40,369 - INFO - Document source: ../../data/test_mode_5_records.parquet
2025-08-20 19:30:40,369 - INFO - BizBok source: ../../data/Information Map v1.xlsx
2025-08-20 19:30:40,369 - INFO - Found existing centroids: ['../../data/01_centroids.npy', '../../data/03_convex_balls.npy']
2025-08-20 19:30:40,369 - INFO - ======================================================================
2025-08-20 19:30:40,370 - INFO - STEP: A1: Load BizBok Concepts
2025-08-20 19:30:40,370 - INFO - ======================================================================
2025-08-20 19:30:40,370 - INFO - Executing: C:\AiSearch\.venv\Scripts\python.exe ../scripts/A1_load_bizbok_concepts.py
2025-08-20 19:30:41,720 - ERROR - Step failed with return code 1
2025-08-20 19:30:41,725 - ERROR - Pipeline FAILED at: A1: Load BizBok Concepts
2025-08-20 19:30:41,752 - INFO - 
================================================================================
2025-08-20 19:30:41,757 - INFO - PIPELINE EXECUTION SUMMARY
2025-08-20 19:30:41,757 - INFO - ================================================================================
2025-08-20 19:30:41,759 - INFO - 
Step Status:
2025-08-20 19:30:41,761 - INFO - 
Execution Time: 1.4 seconds
2025-08-20 19:30:41,761 - INFO - 
Pipeline Metrics:
2025-08-20 19:30:41,761 - INFO -   pipeline_version: V2_Enhanced
2025-08-20 19:30:41,761 - INFO -   total_documents: 50
2025-08-20 19:30:41,761 - INFO -   domains_detected: 3
2025-08-20 19:30:41,761 - INFO -   finance_percentage: 94.0
2025-08-20 19:30:41,761 - INFO -   general_percentage: 0.0
2025-08-20 19:30:41,761 - INFO -   high_confidence_count: 47
2025-08-20 19:30:41,761 - INFO -   low_confidence_count: 0
2025-08-20 19:30:41,761 - INFO -   new_domains_created: 0
2025-08-20 19:30:41,762 - INFO -   detection_methods: {'combined_analysis': 36, 'financial_report_pattern': 14}
2025-08-20 19:30:41,762 - INFO -   documents_processed: 0
2025-08-20 19:30:41,762 - INFO -   linguistic_features_extracted: 0
2025-08-20 19:30:41,762 - INFO -   keywords_extracted: 0
2025-08-20 19:30:41,762 - INFO -   named_entities_found: 0
2025-08-20 19:30:41,762 - INFO -   concept_clusters_created: 0
2025-08-20 19:30:41,762 - INFO -   themes_identified: 0
2025-08-20 19:30:41,762 - INFO -   bizbok_matches_found: 0
2025-08-20 19:30:41,762 - INFO -   adaptive_concepts_created: 0
2025-08-20 19:30:41,762 - INFO -   graph_analysis_performed: 0
2025-08-20 19:30:41,762 - INFO -   total_adaptive_concepts: 11
2025-08-20 19:30:41,762 - INFO -   adaptive_domains_covered: 1
2025-08-20 19:30:41,766 - INFO - 
Detailed summary saved to: concept_pipeline_summary.json
2025-08-20 22:01:22,231 - INFO - Test mode: Processing 1 records
2025-08-20 22:01:22,976 - ERROR - Data source not found: tatqa-test.parquet
2025-08-20 22:01:22,976 - INFO - ================================================================================
2025-08-20 22:01:22,977 - INFO - CONCEPT BUILDING PIPELINE V2 - ENHANCED ARCHITECTURE
2025-08-20 22:01:22,977 - INFO - ================================================================================
2025-08-20 22:01:22,977 - ERROR - Missing required input files: ['Information Map v1.xlsx', 'tatqa-test.parquet']
2025-08-20 22:01:22,977 - INFO - Current working directory: C:\AiSearch\conceptual_space\A_concept_pipeline\orchestrator
2025-08-20 22:01:22,978 - INFO - Files checked: ['Information Map v1.xlsx', 'tatqa-test.parquet']
2025-08-20 22:01:22,978 - ERROR - Input validation failed. Aborting pipeline.
2025-08-20 22:06:06,393 - INFO - Using primary data directory: C:\AiSearch\conceptual_space\data
2025-08-20 22:06:06,393 - INFO - ================================================================================
2025-08-20 22:06:06,394 - INFO - VALIDATING ENVIRONMENT
2025-08-20 22:06:06,394 - INFO - ================================================================================
2025-08-20 22:06:06,394 - INFO - Data directory: C:\AiSearch\conceptual_space\data
2025-08-20 22:06:06,402 - INFO - 
================================================================================
2025-08-20 22:06:06,402 - INFO - STARTING CONCEPT BUILDING PIPELINE
2025-08-20 22:06:06,402 - INFO - ================================================================================
2025-08-20 22:06:06,402 - INFO - Mode: TEST
2025-08-20 22:06:06,402 - INFO - Record limit: 1
2025-08-20 22:06:06,402 - INFO - 
Executing: A0: Domain Detection
2025-08-20 22:06:06,402 - INFO - ----------------------------------------
2025-08-20 22:06:06,627 - ERROR - usage: a0_domain_detection.py [-h] [--config CONFIG] [--test]
                              [--validate-only] [--output-dir OUTPUT_DIR]
a0_domain_detection.py: error: unrecognized arguments: --input C:\AiSearch\conceptual_space\data\tatqa-test.parquet --bizbok C:\AiSearch\conceptual_space\data\Information Map v1.xlsx --test-mode --limit 1

2025-08-20 22:06:06,627 - ERROR - Pipeline stopped due to error
2025-08-20 22:06:06,628 - INFO - 
================================================================================
2025-08-20 22:06:06,628 - INFO - PIPELINE COMPLETED
2025-08-20 22:06:06,628 - INFO - ================================================================================
2025-08-20 22:06:06,628 - INFO - Total time: 0.23s
2025-08-20 22:06:06,628 - INFO - Steps completed: 0/7
2025-08-20 22:10:19,698 - INFO - Updated config paths:
2025-08-20 22:10:19,698 - INFO -   Data directory: C:\AiSearch\conceptual_space\data
2025-08-20 22:10:19,698 - INFO -   Document source: C:\AiSearch\conceptual_space\data\tatqa-test.parquet
2025-08-20 22:10:19,698 - INFO -   BIZBOK source: C:\AiSearch\conceptual_space\data\Information Map v1.xlsx
2025-08-20 22:10:38,441 - INFO - Updated config paths:
2025-08-20 22:10:38,441 - INFO -   Data directory: C:\AiSearch\conceptual_space\data
2025-08-20 22:10:38,441 - INFO -   Document source: C:\AiSearch\conceptual_space\data\tatqa-test.parquet
2025-08-20 22:10:38,441 - INFO -   BIZBOK source: C:\AiSearch\conceptual_space\data\Information Map v1.xlsx
2025-08-20 22:10:38,441 - INFO - Test mode: Processing 5 records
2025-08-20 22:10:39,325 - INFO - Created test dataset: C:\AiSearch\conceptual_space\data/test_mode_5_records.parquet with 5 records
2025-08-20 22:10:39,336 - INFO - ================================================================================
2025-08-20 22:10:39,336 - INFO - CONCEPT BUILDING PIPELINE V2 - ENHANCED ARCHITECTURE
2025-08-20 22:10:39,336 - INFO - ================================================================================
2025-08-20 22:10:39,337 - INFO - Input validation successful
2025-08-20 22:10:39,337 - INFO - Document source: C:\AiSearch\conceptual_space\data/test_mode_5_records.parquet
2025-08-20 22:10:39,337 - INFO - BizBok source: C:\AiSearch\conceptual_space\data\Information Map v1.xlsx
2025-08-20 22:10:39,337 - INFO - Found existing centroids: ['C:\\AiSearch\\conceptual_space\\data/01_centroids.npy', 'C:\\AiSearch\\conceptual_space\\data/03_convex_balls.npy']
2025-08-20 22:10:39,337 - INFO - ======================================================================
2025-08-20 22:10:39,337 - INFO - STEP: A1: Load BizBok Concepts
2025-08-20 22:10:39,337 - INFO - ======================================================================
2025-08-20 22:10:39,337 - INFO - Executing: C:\AiSearch\.venv\Scripts\python.exe scripts/A1_load_bizbok_concepts.py
2025-08-20 22:10:39,451 - ERROR - Step failed with return code 2
2025-08-20 22:10:39,454 - ERROR - Pipeline FAILED at: A1: Load BizBok Concepts
2025-08-20 22:10:39,454 - INFO - 
================================================================================
2025-08-20 22:10:39,454 - INFO - PIPELINE EXECUTION SUMMARY
2025-08-20 22:10:39,454 - INFO - ================================================================================
2025-08-20 22:10:39,454 - INFO - 
Step Status:
2025-08-20 22:10:39,458 - INFO - 
Execution Time: 0.1 seconds
2025-08-20 22:10:39,458 - INFO - 
Pipeline Metrics:
2025-08-20 22:10:39,458 - INFO -   pipeline_version: V2_Enhanced
2025-08-20 22:10:39,458 - INFO - 
Detailed summary saved to: concept_pipeline_summary.json
2025-08-20 22:13:02,512 - INFO - Updated config paths:
2025-08-20 22:13:02,513 - INFO -   Data directory: C:\AiSearch\conceptual_space\data
2025-08-20 22:13:02,513 - INFO -   Document source: C:\AiSearch\conceptual_space\data\tatqa-test.parquet
2025-08-20 22:13:02,513 - INFO -   BIZBOK source: C:\AiSearch\conceptual_space\data\Information Map v1.xlsx
2025-08-20 22:13:02,513 - INFO - Test mode: Processing 5 records
2025-08-20 22:13:03,693 - INFO - Created test dataset: C:\AiSearch\conceptual_space\data/test_mode_5_records.parquet with 5 records
2025-08-20 22:13:03,701 - INFO - ================================================================================
2025-08-20 22:13:03,701 - INFO - CONCEPT BUILDING PIPELINE V2 - ENHANCED ARCHITECTURE
2025-08-20 22:13:03,701 - INFO - ================================================================================
2025-08-20 22:13:03,702 - INFO - Input validation successful
2025-08-20 22:13:03,702 - INFO - Document source: C:\AiSearch\conceptual_space\data/test_mode_5_records.parquet
2025-08-20 22:13:03,702 - INFO - BizBok source: C:\AiSearch\conceptual_space\data\Information Map v1.xlsx
2025-08-20 22:13:03,702 - INFO - Found existing centroids: ['C:\\AiSearch\\conceptual_space\\data/01_centroids.npy', 'C:\\AiSearch\\conceptual_space\\data/03_convex_balls.npy']
2025-08-20 22:13:03,702 - INFO - ======================================================================
2025-08-20 22:13:03,702 - INFO - STEP: A1: Load BizBok Concepts
2025-08-20 22:13:03,702 - INFO - ======================================================================
2025-08-20 22:13:03,702 - INFO - Executing: C:\AiSearch\.venv\Scripts\python.exe scripts/A1_load_bizbok_concepts.py
2025-08-20 22:13:03,830 - ERROR - Step failed with return code 2
2025-08-20 22:13:03,830 - ERROR - STDERR: C:\Users\gunav\AppData\Local\Microsoft\WindowsApps\PythonSoftwareFoundation.Python.3.11_qbz5n2kfra8p0\python.exe: can't open file 'C:\\AiSearch\\conceptual_space\\A_concept_pipeline\\orchestrator\\scripts\\A1_load_bizbok_concepts.py': [Errno 2] No such file or directory

2025-08-20 22:13:03,830 - ERROR - Pipeline FAILED at: A1: Load BizBok Concepts
2025-08-20 22:13:03,831 - INFO - 
================================================================================
2025-08-20 22:13:03,831 - INFO - PIPELINE EXECUTION SUMMARY
2025-08-20 22:13:03,831 - INFO - ================================================================================
2025-08-20 22:13:03,831 - INFO - [PARTIAL] 0/11 steps completed (V2 Enhanced Pipeline)
2025-08-20 22:13:03,831 - INFO - 
Step Status:
2025-08-20 22:13:03,831 - INFO -   [FAIL] A1: Load BizBok Concepts: FAILED - Execution Error
2025-08-20 22:13:03,831 - INFO - 
Execution Time: 0.1 seconds
2025-08-20 22:13:03,831 - INFO - 
Pipeline Metrics:
2025-08-20 22:13:03,831 - INFO -   pipeline_version: V2_Enhanced
2025-08-20 22:13:03,831 - INFO - 
Quality Validation: [PASSED]
2025-08-20 22:13:03,832 - INFO - 
Detailed summary saved to: concept_pipeline_summary.json
2025-08-20 22:18:17,250 - INFO - Updated config paths:
2025-08-20 22:18:17,250 - INFO -   Data directory: C:\AiSearch\conceptual_space\data
2025-08-20 22:18:17,250 - INFO -   Document source: C:\AiSearch\conceptual_space\data\tatqa-test.parquet
2025-08-20 22:18:17,250 - INFO -   BIZBOK source: C:\AiSearch\conceptual_space\data\Information Map v1.xlsx
2025-08-20 22:18:17,250 - INFO - Test mode: Processing 5 records
2025-08-20 22:18:18,891 - INFO - Created test dataset: C:\AiSearch\conceptual_space\data/test_mode_5_records.parquet with 5 records
2025-08-20 22:18:18,902 - INFO - ================================================================================
2025-08-20 22:18:18,902 - INFO - CONCEPT BUILDING PIPELINE V2 - ENHANCED ARCHITECTURE
2025-08-20 22:18:18,902 - INFO - ================================================================================
2025-08-20 22:18:18,905 - INFO - Input validation successful
2025-08-20 22:18:18,905 - INFO - Document source: C:\AiSearch\conceptual_space\data/test_mode_5_records.parquet
2025-08-20 22:18:18,905 - INFO - BizBok source: C:\AiSearch\conceptual_space\data\Information Map v1.xlsx
2025-08-20 22:18:18,905 - INFO - Found existing centroids: ['C:\\AiSearch\\conceptual_space\\data/01_centroids.npy', 'C:\\AiSearch\\conceptual_space\\data/03_convex_balls.npy']
2025-08-20 22:18:18,905 - INFO - ======================================================================
2025-08-20 22:18:18,906 - INFO - STEP: A1: Load BizBok Concepts
2025-08-20 22:18:18,906 - INFO - ======================================================================
2025-08-20 22:18:18,907 - INFO - Executing: C:\AiSearch\.venv\Scripts\python.exe scripts/A1_load_bizbok_concepts.py
2025-08-20 22:18:19,149 - ERROR - Step failed with return code 2
2025-08-20 22:18:19,149 - ERROR - STDERR: C:\Users\gunav\AppData\Local\Microsoft\WindowsApps\PythonSoftwareFoundation.Python.3.11_qbz5n2kfra8p0\python.exe: can't open file 'C:\\AiSearch\\conceptual_space\\A_concept_pipeline\\orchestrator\\scripts\\A1_load_bizbok_concepts.py': [Errno 2] No such file or directory

2025-08-20 22:18:19,149 - ERROR - Pipeline FAILED at: A1: Load BizBok Concepts
2025-08-20 22:18:19,150 - INFO - 
================================================================================
2025-08-20 22:18:19,151 - INFO - PIPELINE EXECUTION SUMMARY
2025-08-20 22:18:19,151 - INFO - ================================================================================
2025-08-20 22:18:19,151 - INFO - [PARTIAL] 0/11 steps completed (V2 Enhanced Pipeline)
2025-08-20 22:18:19,151 - INFO - 
Step Status:
2025-08-20 22:18:19,151 - INFO -   [FAIL] A1: Load BizBok Concepts: FAILED - Execution Error
2025-08-20 22:18:19,151 - INFO - 
Execution Time: 0.2 seconds
2025-08-20 22:18:19,151 - INFO - 
Pipeline Metrics:
2025-08-20 22:18:19,152 - INFO -   pipeline_version: V2_Enhanced
2025-08-20 22:18:19,152 - INFO - 
Quality Validation: [PASSED]
2025-08-20 22:18:19,153 - INFO - 
Detailed summary saved to: concept_pipeline_summary.json
2025-08-24 12:27:59,238 - INFO - Test mode: Processing 5 records
2025-08-24 12:27:59,947 - ERROR - Data source not found: ../data/tatqa-test.parquet
2025-08-24 12:27:59,947 - INFO - ================================================================================
2025-08-24 12:27:59,947 - INFO - CONCEPT BUILDING PIPELINE V2 - ENHANCED ARCHITECTURE
2025-08-24 12:27:59,947 - INFO - ================================================================================
2025-08-24 12:27:59,947 - ERROR - Missing required input files: ['../data/Information Map v1.xlsx', '../data/tatqa-test.parquet']
2025-08-24 12:27:59,947 - INFO - Current working directory: C:\AiSearch\conceptual_space\A_concept_pipeline\orchestrator
2025-08-24 12:27:59,947 - INFO - Files checked: ['../data/Information Map v1.xlsx', '../data/tatqa-test.parquet']
2025-08-24 12:27:59,947 - ERROR - Input validation failed. Aborting pipeline.
2025-08-24 12:28:21,733 - INFO - Test mode: Processing 5 records
2025-08-24 12:28:22,776 - INFO - Created test dataset: ../data/test_mode_5_records.parquet with 5 records
2025-08-24 12:28:22,788 - INFO - ================================================================================
2025-08-24 12:28:22,788 - INFO - CONCEPT BUILDING PIPELINE V2 - ENHANCED ARCHITECTURE
2025-08-24 12:28:22,788 - INFO - ================================================================================
2025-08-24 12:28:22,788 - INFO - Input validation successful
2025-08-24 12:28:22,788 - INFO - Document source: ../data/test_mode_5_records.parquet
2025-08-24 12:28:22,788 - INFO - BizBok source: ../data/Information Map v1.xlsx
2025-08-24 12:28:22,788 - INFO - ======================================================================
2025-08-24 12:28:22,788 - INFO - STEP: A1: Load BizBok Concepts
2025-08-24 12:28:22,788 - INFO - ======================================================================
2025-08-24 12:28:22,788 - INFO - Executing: C:\AiSearch\.venv\Scripts\python.exe scripts/A1_load_bizbok_concepts.py
2025-08-24 12:28:22,946 - ERROR - Step failed with return code 2
2025-08-24 12:28:22,950 - ERROR - Pipeline FAILED at: A1: Load BizBok Concepts
2025-08-24 12:28:22,951 - INFO - 
================================================================================
2025-08-24 12:28:22,951 - INFO - PIPELINE EXECUTION SUMMARY
2025-08-24 12:28:22,951 - INFO - ================================================================================
2025-08-24 12:28:22,953 - INFO - 
Step Status:
2025-08-24 12:28:22,954 - INFO - 
Execution Time: 0.2 seconds
2025-08-24 12:28:22,954 - INFO - 
Pipeline Metrics:
2025-08-24 12:28:22,954 - INFO -   pipeline_version: V2_Enhanced
2025-08-24 12:28:22,957 - INFO - 
Detailed summary saved to: concept_pipeline_summary.json
2025-08-25 07:07:20,282 - INFO - Test mode: Processing 5 records
2025-08-25 07:07:21,530 - INFO - Created test dataset: ../data/test_mode_5_records.parquet with 5 records
2025-08-25 07:07:21,530 - INFO - ================================================================================
2025-08-25 07:07:21,530 - INFO - CONCEPT BUILDING PIPELINE V2 - ENHANCED ARCHITECTURE
2025-08-25 07:07:21,530 - INFO - ================================================================================
2025-08-25 07:07:21,530 - INFO - Input validation successful
2025-08-25 07:07:21,530 - INFO - Document source: ../data/test_mode_5_records.parquet
2025-08-25 07:07:21,530 - INFO - BizBok source: ../data/Information Map v1.xlsx
2025-08-25 07:07:21,530 - INFO - ======================================================================
2025-08-25 07:07:21,530 - INFO - STEP: A1: Load BizBok Concepts
2025-08-25 07:07:21,530 - INFO - ======================================================================
2025-08-25 07:07:21,530 - INFO - Executing: C:\AiSearch\.venv\Scripts\python.exe scripts/A1_load_bizbok_concepts.py
2025-08-25 07:07:21,691 - ERROR - Step failed with return code 2
2025-08-25 07:07:21,697 - ERROR - Pipeline FAILED at: A1: Load BizBok Concepts
2025-08-25 07:07:21,700 - INFO - 
================================================================================
2025-08-25 07:07:21,700 - INFO - PIPELINE EXECUTION SUMMARY
2025-08-25 07:07:21,701 - INFO - ================================================================================
2025-08-25 07:07:21,703 - INFO - 
Step Status:
2025-08-25 07:07:21,705 - INFO - 
Execution Time: 0.2 seconds
2025-08-25 07:07:21,705 - INFO - 
Pipeline Metrics:
2025-08-25 07:07:21,705 - INFO -   pipeline_version: V2_Enhanced
2025-08-25 07:07:21,707 - INFO - 
Detailed summary saved to: concept_pipeline_summary.json
2025-08-25 10:39:00,234 - INFO - Test mode: Processing 5 records
2025-08-25 10:39:00,988 - ERROR - Error preparing test dataset: stat: path should be string, bytes, os.PathLike or integer, not NoneType
2025-08-25 10:39:00,989 - INFO - ================================================================================
2025-08-25 10:39:00,989 - INFO - CONCEPT BUILDING PIPELINE V2 - ENHANCED ARCHITECTURE
2025-08-25 10:39:00,989 - INFO - ================================================================================
